<?xml version="1.0" encoding="UTF-8"?>
<!-- Generated by org.testng.reporters.JUnitReportReporter -->
<testsuite hostname="CZPR-mcochner01" name="com.idc.seznam.UserServiceImpTest" tests="2" failures="0" timestamp="23 Aug 2013 14:43:31 GMT" time="0.255" errors="0">
  <testcase name="test_bbb" time="0.002" classname="com.idc.seznam.UserServiceImpTest"/>
  <testcase name="test_aaa" time="0.253" classname="com.idc.seznam.UserServiceImpTest"/>
</testsuite> <!-- com.idc.seznam.UserServiceImpTest -->
